This file contains any messages produced by compilers while
running configure, to aid debugging if configure makes a mistake.

It was created by libimobiledevice configure 1.3.0-261-g1b09adc, which was
generated by GNU Autoconf 2.71.  Invocation command line was

  $ ./configure

## --------- ##
## Platform. ##
## --------- ##

hostname = osboxes
uname -m = x86_64
uname -r = 5.15.0-25-generic
uname -s = Linux
uname -v = #25-Ubuntu SMP Wed Mar 30 15:54:22 UTC 2022

/usr/bin/uname -p = x86_64
/bin/uname -X     = unknown

/bin/arch              = x86_64
/usr/bin/arch -k       = unknown
/usr/convex/getsysinfo = unknown
/usr/bin/hostinfo      = unknown
/bin/machine           = unknown
/usr/bin/oslevel       = unknown
/bin/universe          = unknown

PATH: /home/osboxes/.local/bin/
PATH: /usr/local/sbin/
PATH: /usr/local/bin/
PATH: /usr/sbin/
PATH: /usr/bin/
PATH: /sbin/
PATH: /bin/
PATH: /usr/games/
PATH: /usr/local/games/
PATH: /snap/bin/


## ----------- ##
## Core tests. ##
## ----------- ##

configure:3182: looking for aux files: config.guess config.sub ltmain.sh compile missing install-sh
configure:3195:  trying ./
configure:3224:   ./config.guess found
configure:3224:   ./config.sub found
configure:3224:   ./ltmain.sh found
configure:3224:   ./compile found
configure:3224:   ./missing found
configure:3206:   ./install-sh found
configure:3353: checking for a BSD-compatible install
configure:3426: result: /usr/bin/install -c
configure:3437: checking whether build environment is sane
configure:3492: result: yes
configure:3651: checking for a race-free mkdir -p
configure:3695: result: /usr/bin/mkdir -p
configure:3702: checking for gawk
configure:3737: result: no
configure:3702: checking for mawk
configure:3723: found /usr/bin/mawk
configure:3734: result: mawk
configure:3745: checking whether make sets $(MAKE)
configure:3768: result: yes
configure:3798: checking whether make supports nested variables
configure:3816: result: yes
configure:3964: checking whether make supports nested variables
configure:3982: result: yes
configure:4084: checking for gcc
configure:4105: found /usr/bin/gcc
configure:4116: result: gcc
configure:4469: checking for C compiler version
configure:4478: gcc --version >&5
gcc (Ubuntu 11.4.0-1ubuntu1~22.04) 11.4.0
Copyright (C) 2021 Free Software Foundation, Inc.
This is free software; see the source for copying conditions.  There is NO
warranty; not even for MERCHANTABILITY or FITNESS FOR A PARTICULAR PURPOSE.

configure:4489: $? = 0
configure:4478: gcc -v >&5
Using built-in specs.
COLLECT_GCC=gcc
COLLECT_LTO_WRAPPER=/usr/lib/gcc/x86_64-linux-gnu/11/lto-wrapper
OFFLOAD_TARGET_NAMES=nvptx-none:amdgcn-amdhsa
OFFLOAD_TARGET_DEFAULT=1
Target: x86_64-linux-gnu
Configured with: ../src/configure -v --with-pkgversion='Ubuntu 11.4.0-1ubuntu1~22.04' --with-bugurl=file:///usr/share/doc/gcc-11/README.Bugs --enable-languages=c,ada,c++,go,brig,d,fortran,objc,obj-c++,m2 --prefix=/usr --with-gcc-major-version-only --program-suffix=-11 --program-prefix=x86_64-linux-gnu- --enable-shared --enable-linker-build-id --libexecdir=/usr/lib --without-included-gettext --enable-threads=posix --libdir=/usr/lib --enable-nls --enable-bootstrap --enable-clocale=gnu --enable-libstdcxx-debug --enable-libstdcxx-time=yes --with-default-libstdcxx-abi=new --enable-gnu-unique-object --disable-vtable-verify --enable-plugin --enable-default-pie --with-system-zlib --enable-libphobos-checking=release --with-target-system-zlib=auto --enable-objc-gc=auto --enable-multiarch --disable-werror --enable-cet --with-arch-32=i686 --with-abi=m64 --with-multilib-list=m32,m64,mx32 --enable-multilib --with-tune=generic --enable-offload-targets=nvptx-none=/build/gcc-11-XeT9lY/gcc-11-11.4.0/debian/tmp-nvptx/usr,amdgcn-amdhsa=/build/gcc-11-XeT9lY/gcc-11-11.4.0/debian/tmp-gcn/usr --without-cuda-driver --enable-checking=release --build=x86_64-linux-gnu --host=x86_64-linux-gnu --target=x86_64-linux-gnu --with-build-config=bootstrap-lto-lean --enable-link-serialization=2
Thread model: posix
Supported LTO compression algorithms: zlib zstd
gcc version 11.4.0 (Ubuntu 11.4.0-1ubuntu1~22.04) 
... rest of stderr output deleted ...
configure:4489: $? = 0
configure:4478: gcc -V >&5
gcc: error: unrecognized command-line option '-V'
gcc: fatal error: no input files
compilation terminated.
configure:4489: $? = 1
configure:4478: gcc -qversion >&5
gcc: error: unrecognized command-line option '-qversion'; did you mean '--version'?
gcc: fatal error: no input files
compilation terminated.
configure:4489: $? = 1
configure:4478: gcc -version >&5
gcc: error: unrecognized command-line option '-version'
gcc: fatal error: no input files
compilation terminated.
configure:4489: $? = 1
configure:4509: checking whether the C compiler works
configure:4531: gcc    conftest.c  >&5
configure:4535: $? = 0
configure:4585: result: yes
configure:4588: checking for C compiler default output file name
configure:4590: result: a.out
configure:4596: checking for suffix of executables
configure:4603: gcc -o conftest    conftest.c  >&5
configure:4607: $? = 0
configure:4630: result: 
configure:4652: checking whether we are cross compiling
configure:4660: gcc -o conftest    conftest.c  >&5
configure:4664: $? = 0
configure:4671: ./conftest
configure:4675: $? = 0
configure:4690: result: no
configure:4695: checking for suffix of object files
configure:4718: gcc -c   conftest.c >&5
configure:4722: $? = 0
configure:4744: result: o
configure:4748: checking whether the compiler supports GNU C
configure:4768: gcc -c   conftest.c >&5
configure:4768: $? = 0
configure:4778: result: yes
configure:4789: checking whether gcc accepts -g
configure:4810: gcc -c -g  conftest.c >&5
configure:4810: $? = 0
configure:4854: result: yes
configure:4874: checking for gcc option to enable C11 features
configure:4889: gcc  -c -g -O2  conftest.c >&5
configure:4889: $? = 0
configure:4907: result: none needed
configure:5023: checking whether gcc understands -c and -o together
configure:5046: gcc -c conftest.c -o conftest2.o
configure:5049: $? = 0
configure:5046: gcc -c conftest.c -o conftest2.o
configure:5049: $? = 0
configure:5061: result: yes
configure:5081: checking whether make supports the include directive
configure:5096: make -f confmf.GNU && cat confinc.out
this is the am__doit target
configure:5099: $? = 0
configure:5118: result: yes (GNU style)
configure:5144: checking dependency style of gcc
configure:5256: result: gcc3
configure:5340: checking for g++
configure:5361: found /usr/bin/g++
configure:5372: result: g++
configure:5399: checking for C++ compiler version
configure:5408: g++ --version >&5
g++ (Ubuntu 11.4.0-1ubuntu1~22.04) 11.4.0
Copyright (C) 2021 Free Software Foundation, Inc.
This is free software; see the source for copying conditions.  There is NO
warranty; not even for MERCHANTABILITY or FITNESS FOR A PARTICULAR PURPOSE.

configure:5419: $? = 0
configure:5408: g++ -v >&5
Using built-in specs.
COLLECT_GCC=g++
COLLECT_LTO_WRAPPER=/usr/lib/gcc/x86_64-linux-gnu/11/lto-wrapper
OFFLOAD_TARGET_NAMES=nvptx-none:amdgcn-amdhsa
OFFLOAD_TARGET_DEFAULT=1
Target: x86_64-linux-gnu
Configured with: ../src/configure -v --with-pkgversion='Ubuntu 11.4.0-1ubuntu1~22.04' --with-bugurl=file:///usr/share/doc/gcc-11/README.Bugs --enable-languages=c,ada,c++,go,brig,d,fortran,objc,obj-c++,m2 --prefix=/usr --with-gcc-major-version-only --program-suffix=-11 --program-prefix=x86_64-linux-gnu- --enable-shared --enable-linker-build-id --libexecdir=/usr/lib --without-included-gettext --enable-threads=posix --libdir=/usr/lib --enable-nls --enable-bootstrap --enable-clocale=gnu --enable-libstdcxx-debug --enable-libstdcxx-time=yes --with-default-libstdcxx-abi=new --enable-gnu-unique-object --disable-vtable-verify --enable-plugin --enable-default-pie --with-system-zlib --enable-libphobos-checking=release --with-target-system-zlib=auto --enable-objc-gc=auto --enable-multiarch --disable-werror --enable-cet --with-arch-32=i686 --with-abi=m64 --with-multilib-list=m32,m64,mx32 --enable-multilib --with-tune=generic --enable-offload-targets=nvptx-none=/build/gcc-11-XeT9lY/gcc-11-11.4.0/debian/tmp-nvptx/usr,amdgcn-amdhsa=/build/gcc-11-XeT9lY/gcc-11-11.4.0/debian/tmp-gcn/usr --without-cuda-driver --enable-checking=release --build=x86_64-linux-gnu --host=x86_64-linux-gnu --target=x86_64-linux-gnu --with-build-config=bootstrap-lto-lean --enable-link-serialization=2
Thread model: posix
Supported LTO compression algorithms: zlib zstd
gcc version 11.4.0 (Ubuntu 11.4.0-1ubuntu1~22.04) 
... rest of stderr output deleted ...
configure:5419: $? = 0
configure:5408: g++ -V >&5
g++: error: unrecognized command-line option '-V'
g++: fatal error: no input files
compilation terminated.
configure:5419: $? = 1
configure:5408: g++ -qversion >&5
g++: error: unrecognized command-line option '-qversion'; did you mean '--version'?
g++: fatal error: no input files
compilation terminated.
configure:5419: $? = 1
configure:5423: checking whether the compiler supports GNU C++
configure:5443: g++ -c   conftest.cpp >&5
configure:5443: $? = 0
configure:5453: result: yes
configure:5464: checking whether g++ accepts -g
configure:5485: g++ -c -g  conftest.cpp >&5
configure:5485: $? = 0
configure:5529: result: yes
configure:5549: checking for g++ option to enable C++11 features
configure:5564: g++  -c -g -O2  conftest.cpp >&5
conftest.cpp: In function 'int main(int, char**)':
conftest.cpp:177:25: warning: empty parentheses were disambiguated as a function declaration [-Wvexing-parse]
  177 |   cxx11test::delegate d2();
      |                         ^~
conftest.cpp:177:25: note: remove parentheses to default-initialize a variable
  177 |   cxx11test::delegate d2();
      |                         ^~
      |                         --
conftest.cpp:177:25: note: or replace parentheses with braces to value-initialize a variable
configure:5564: $? = 0
configure:5582: result: none needed
configure:5648: checking dependency style of g++
configure:5760: result: gcc3
configure:5808: checking build system type
configure:5823: result: x86_64-pc-linux-gnu
configure:5843: checking host system type
configure:5857: result: x86_64-pc-linux-gnu
configure:5898: checking how to print strings
configure:5925: result: printf
configure:5946: checking for a sed that does not truncate output
configure:6016: result: /usr/bin/sed
configure:6034: checking for grep that handles long lines and -e
configure:6098: result: /usr/bin/grep
configure:6103: checking for egrep
configure:6171: result: /usr/bin/grep -E
configure:6176: checking for fgrep
configure:6244: result: /usr/bin/grep -F
configure:6280: checking for ld used by gcc
configure:6348: result: /usr/bin/ld
configure:6355: checking if the linker (/usr/bin/ld) is GNU ld
configure:6371: result: yes
configure:6383: checking for BSD- or MS-compatible name lister (nm)
configure:6438: result: /usr/bin/nm -B
configure:6578: checking the name lister (/usr/bin/nm -B) interface
configure:6586: gcc -c -g -O2  conftest.c >&5
configure:6589: /usr/bin/nm -B "conftest.o"
configure:6592: output
0000000000000000 B some_variable
configure:6599: result: BSD nm
configure:6602: checking whether ln -s works
configure:6606: result: yes
configure:6614: checking the maximum length of command line arguments
configure:6746: result: 1572864
configure:6794: checking how to convert x86_64-pc-linux-gnu file names to x86_64-pc-linux-gnu format
configure:6835: result: func_convert_file_noop
configure:6842: checking how to convert x86_64-pc-linux-gnu file names to toolchain format
configure:6863: result: func_convert_file_noop
configure:6870: checking for /usr/bin/ld option to reload object files
configure:6878: result: -r
configure:6957: checking for objdump
configure:6978: found /usr/bin/objdump
configure:6989: result: objdump
configure:7021: checking how to recognize dependent libraries
configure:7222: result: pass_all
configure:7312: checking for dlltool
configure:7347: result: no
configure:7377: checking how to associate runtime and link libraries
configure:7405: result: printf %s\n
configure:7471: checking for ar
configure:7492: found /usr/bin/ar
configure:7503: result: ar
configure:7540: checking for archiver @FILE support
configure:7558: gcc -c -g -O2  conftest.c >&5
configure:7558: $? = 0
configure:7562: ar cr libconftest.a @conftest.lst >&5
configure:7565: $? = 0
configure:7570: ar cr libconftest.a @conftest.lst >&5
ar: conftest.o: No such file or directory
configure:7573: $? = 1
configure:7585: result: @
configure:7648: checking for strip
configure:7669: found /usr/bin/strip
configure:7680: result: strip
configure:7757: checking for ranlib
configure:7778: found /usr/bin/ranlib
configure:7789: result: ranlib
configure:7891: checking command to parse /usr/bin/nm -B output from gcc object
configure:8045: gcc -c -g -O2  conftest.c >&5
configure:8048: $? = 0
configure:8052: /usr/bin/nm -B conftest.o | sed -n -e 's/^.*[	 ]\([ABCDGIRSTW][ABCDGIRSTW]*\)[	 ][	 ]*\([_A-Za-z][_A-Za-z0-9]*\)$/\1 \2 \2/p' | sed '/ __gnu_lto/d' > conftest.nm
configure:8118: gcc -o conftest -g -O2   conftest.c conftstm.o >&5
configure:8121: $? = 0
configure:8159: result: ok
configure:8206: checking for sysroot
configure:8237: result: no
configure:8244: checking for a working dd
configure:8288: result: /usr/bin/dd
configure:8292: checking how to truncate binary pipes
configure:8308: result: /usr/bin/dd bs=4096 count=1
configure:8445: gcc -c -g -O2  conftest.c >&5
configure:8448: $? = 0
configure:8645: checking for mt
configure:8666: found /usr/bin/mt
configure:8677: result: mt
configure:8700: checking if mt is a manifest tool
configure:8707: mt '-?'
configure:8715: result: no
configure:9445: checking for stdio.h
configure:9445: gcc -c -g -O2  conftest.c >&5
configure:9445: $? = 0
configure:9445: result: yes
configure:9445: checking for stdlib.h
configure:9445: gcc -c -g -O2  conftest.c >&5
configure:9445: $? = 0
configure:9445: result: yes
configure:9445: checking for string.h
configure:9445: gcc -c -g -O2  conftest.c >&5
configure:9445: $? = 0
configure:9445: result: yes
configure:9445: checking for inttypes.h
configure:9445: gcc -c -g -O2  conftest.c >&5
configure:9445: $? = 0
configure:9445: result: yes
configure:9445: checking for stdint.h
configure:9445: gcc -c -g -O2  conftest.c >&5
configure:9445: $? = 0
configure:9445: result: yes
configure:9445: checking for strings.h
configure:9445: gcc -c -g -O2  conftest.c >&5
configure:9445: $? = 0
configure:9445: result: yes
configure:9445: checking for sys/stat.h
configure:9445: gcc -c -g -O2  conftest.c >&5
configure:9445: $? = 0
configure:9445: result: yes
configure:9445: checking for sys/types.h
configure:9445: gcc -c -g -O2  conftest.c >&5
configure:9445: $? = 0
configure:9445: result: yes
configure:9445: checking for unistd.h
configure:9445: gcc -c -g -O2  conftest.c >&5
configure:9445: $? = 0
configure:9445: result: yes
configure:9470: checking for dlfcn.h
configure:9470: gcc -c -g -O2  conftest.c >&5
configure:9470: $? = 0
configure:9470: result: yes
configure:9740: checking for objdir
configure:9756: result: .libs
configure:10020: checking if gcc supports -fno-rtti -fno-exceptions
configure:10039: gcc -c -g -O2  -fno-rtti -fno-exceptions conftest.c >&5
cc1: warning: command-line option '-fno-rtti' is valid for C++/D/ObjC++ but not for C
configure:10043: $? = 0
configure:10056: result: no
configure:10420: checking for gcc option to produce PIC
configure:10428: result: -fPIC -DPIC
configure:10436: checking if gcc PIC flag -fPIC -DPIC works
configure:10455: gcc -c -g -O2  -fPIC -DPIC -DPIC conftest.c >&5
configure:10459: $? = 0
configure:10472: result: yes
configure:10501: checking if gcc static flag -static works
configure:10530: result: yes
configure:10545: checking if gcc supports -c -o file.o
configure:10567: gcc -c -g -O2  -o out/conftest2.o conftest.c >&5
configure:10571: $? = 0
configure:10593: result: yes
configure:10601: checking if gcc supports -c -o file.o
configure:10649: result: yes
configure:10682: checking whether the gcc linker (/usr/bin/ld -m elf_x86_64) supports shared libraries
configure:11952: result: yes
configure:11989: checking whether -lc should be explicitly linked in
configure:11998: gcc -c -g -O2  conftest.c >&5
configure:12001: $? = 0
configure:12016: gcc -shared  -fPIC -DPIC conftest.o  -v -Wl,-soname -Wl,conftest -o conftest 2\>\&1 \| /usr/bin/grep  -lc  \>/dev/null 2\>\&1
configure:12019: $? = 0
configure:12033: result: no
configure:12193: checking dynamic linker characteristics
configure:12775: gcc -o conftest -g -O2   -Wl,-rpath -Wl,/foo conftest.c  >&5
configure:12775: $? = 0
configure:13026: result: GNU/Linux ld.so
configure:13148: checking how to hardcode library paths into programs
configure:13173: result: immediate
configure:13725: checking whether stripping libraries is possible
configure:13730: result: yes
configure:13765: checking if libtool supports shared libraries
configure:13767: result: yes
configure:13770: checking whether to build shared libraries
configure:13795: result: yes
configure:13798: checking whether to build static libraries
configure:13802: result: yes
configure:13825: checking how to run the C++ preprocessor
configure:13847: g++ -E  conftest.cpp
configure:13847: $? = 0
configure:13862: g++ -E  conftest.cpp
conftest.cpp:23:10: fatal error: ac_nonexistent.h: No such file or directory
   23 | #include <ac_nonexistent.h>
      |          ^~~~~~~~~~~~~~~~~~
compilation terminated.
configure:13862: $? = 1
configure: failed program was:
| /* confdefs.h */
| #define PACKAGE_NAME "libimobiledevice"
| #define PACKAGE_TARNAME "libimobiledevice"
| #define PACKAGE_VERSION "1.3.0-261-g1b09adc"
| #define PACKAGE_STRING "libimobiledevice 1.3.0-261-g1b09adc"
| #define PACKAGE_BUGREPORT "https://github.com/libimobiledevice/libimobiledevice/issues"
| #define PACKAGE_URL "https://libimobiledevice.org"
| #define PACKAGE "libimobiledevice"
| #define VERSION "1.3.0-261-g1b09adc"
| #define HAVE_STDIO_H 1
| #define HAVE_STDLIB_H 1
| #define HAVE_STRING_H 1
| #define HAVE_INTTYPES_H 1
| #define HAVE_STDINT_H 1
| #define HAVE_STRINGS_H 1
| #define HAVE_SYS_STAT_H 1
| #define HAVE_SYS_TYPES_H 1
| #define HAVE_UNISTD_H 1
| #define STDC_HEADERS 1
| #define HAVE_DLFCN_H 1
| #define LT_OBJDIR ".libs/"
| /* end confdefs.h.  */
| #include <ac_nonexistent.h>
configure:13889: result: g++ -E
configure:13903: g++ -E  conftest.cpp
configure:13903: $? = 0
configure:13918: g++ -E  conftest.cpp
conftest.cpp:23:10: fatal error: ac_nonexistent.h: No such file or directory
   23 | #include <ac_nonexistent.h>
      |          ^~~~~~~~~~~~~~~~~~
compilation terminated.
configure:13918: $? = 1
configure: failed program was:
| /* confdefs.h */
| #define PACKAGE_NAME "libimobiledevice"
| #define PACKAGE_TARNAME "libimobiledevice"
| #define PACKAGE_VERSION "1.3.0-261-g1b09adc"
| #define PACKAGE_STRING "libimobiledevice 1.3.0-261-g1b09adc"
| #define PACKAGE_BUGREPORT "https://github.com/libimobiledevice/libimobiledevice/issues"
| #define PACKAGE_URL "https://libimobiledevice.org"
| #define PACKAGE "libimobiledevice"
| #define VERSION "1.3.0-261-g1b09adc"
| #define HAVE_STDIO_H 1
| #define HAVE_STDLIB_H 1
| #define HAVE_STRING_H 1
| #define HAVE_INTTYPES_H 1
| #define HAVE_STDINT_H 1
| #define HAVE_STRINGS_H 1
| #define HAVE_SYS_STAT_H 1
| #define HAVE_SYS_TYPES_H 1
| #define HAVE_UNISTD_H 1
| #define STDC_HEADERS 1
| #define HAVE_DLFCN_H 1
| #define LT_OBJDIR ".libs/"
| /* end confdefs.h.  */
| #include <ac_nonexistent.h>
configure:14083: checking for ld used by g++
configure:14151: result: /usr/bin/ld -m elf_x86_64
configure:14158: checking if the linker (/usr/bin/ld -m elf_x86_64) is GNU ld
configure:14174: result: yes
configure:14229: checking whether the g++ linker (/usr/bin/ld -m elf_x86_64) supports shared libraries
configure:15306: result: yes
configure:15342: g++ -c -g -O2  conftest.cpp >&5
configure:15345: $? = 0
configure:15826: checking for g++ option to produce PIC
configure:15834: result: -fPIC -DPIC
configure:15842: checking if g++ PIC flag -fPIC -DPIC works
configure:15861: g++ -c -g -O2  -fPIC -DPIC -DPIC conftest.cpp >&5
configure:15865: $? = 0
configure:15878: result: yes
configure:15901: checking if g++ static flag -static works
configure:15930: result: yes
configure:15942: checking if g++ supports -c -o file.o
configure:15964: g++ -c -g -O2  -o out/conftest2.o conftest.cpp >&5
configure:15968: $? = 0
configure:15990: result: yes
configure:15995: checking if g++ supports -c -o file.o
configure:16043: result: yes
configure:16073: checking whether the g++ linker (/usr/bin/ld -m elf_x86_64) supports shared libraries
configure:16116: result: yes
configure:16258: checking dynamic linker characteristics
configure:17018: result: GNU/Linux ld.so
configure:17083: checking how to hardcode library paths into programs
configure:17108: result: immediate
configure:17230: checking for pkg-config
configure:17253: found /usr/bin/pkg-config
configure:17265: result: /usr/bin/pkg-config
configure:17290: checking pkg-config is at least version 0.9.0
configure:17293: result: yes
configure:17303: checking for libusbmuxd-2.0 >= 2.0.2
configure:17310: $PKG_CONFIG --exists --print-errors "libusbmuxd-2.0 >= $LIBUSBMUXD_VERSION"
configure:17313: $? = 0
configure:17327: $PKG_CONFIG --exists --print-errors "libusbmuxd-2.0 >= $LIBUSBMUXD_VERSION"
configure:17330: $? = 0
configure:17388: result: yes
configure:17394: checking for libplist-2.0 >= 2.3.0
configure:17401: $PKG_CONFIG --exists --print-errors "libplist-2.0 >= $LIBPLIST_VERSION"
configure:17404: $? = 0
configure:17418: $PKG_CONFIG --exists --print-errors "libplist-2.0 >= $LIBPLIST_VERSION"
configure:17421: $? = 0
configure:17479: result: yes
configure:17485: checking for libimobiledevice-glue-1.0 >= 1.3.0
configure:17492: $PKG_CONFIG --exists --print-errors "libimobiledevice-glue-1.0 >= $LIMD_GLUE_VERSION"
configure:17495: $? = 0
configure:17509: $PKG_CONFIG --exists --print-errors "libimobiledevice-glue-1.0 >= $LIMD_GLUE_VERSION"
configure:17512: $? = 0
configure:17570: result: yes
configure:17576: checking for libtatsu-1.0 >= 1.0.3
configure:17583: $PKG_CONFIG --exists --print-errors "libtatsu-1.0 >= $LIBTATSU_VERSION"
configure:17586: $? = 0
configure:17600: $PKG_CONFIG --exists --print-errors "libtatsu-1.0 >= $LIBTATSU_VERSION"
configure:17603: $? = 0
configure:17661: result: yes
configure:17677: checking for readline >= 1.0
configure:17684: $PKG_CONFIG --exists --print-errors "readline >= 1.0"
configure:17687: $? = 0
configure:17701: $PKG_CONFIG --exists --print-errors "readline >= 1.0"
configure:17704: $? = 0
configure:17742: result: yes
configure:17762: checking for stdint.h
configure:17762: result: yes
configure:17768: checking for stdlib.h
configure:17768: result: yes
configure:17774: checking for string.h
configure:17774: result: yes
configure:17780: checking for sys/time.h
configure:17780: gcc -c -g -O2  conftest.c >&5
configure:17780: $? = 0
configure:17780: result: yes
configure:17789: checking for an ANSI C-conforming const
configure:17856: gcc -c -g -O2  conftest.c >&5
configure:17856: $? = 0
configure:17864: result: yes
configure:17872: checking for size_t
configure:17872: gcc -c -g -O2  conftest.c >&5
configure:17872: $? = 0
configure:17872: gcc -c -g -O2  conftest.c >&5
conftest.c: In function 'main':
conftest.c:59:21: error: expected expression before ')' token
   59 | if (sizeof ((size_t)))
      |                     ^
configure:17872: $? = 1
configure: failed program was:
| /* confdefs.h */
| #define PACKAGE_NAME "libimobiledevice"
| #define PACKAGE_TARNAME "libimobiledevice"
| #define PACKAGE_VERSION "1.3.0-261-g1b09adc"
| #define PACKAGE_STRING "libimobiledevice 1.3.0-261-g1b09adc"
| #define PACKAGE_BUGREPORT "https://github.com/libimobiledevice/libimobiledevice/issues"
| #define PACKAGE_URL "https://libimobiledevice.org"
| #define PACKAGE "libimobiledevice"
| #define VERSION "1.3.0-261-g1b09adc"
| #define HAVE_STDIO_H 1
| #define HAVE_STDLIB_H 1
| #define HAVE_STRING_H 1
| #define HAVE_INTTYPES_H 1
| #define HAVE_STDINT_H 1
| #define HAVE_STRINGS_H 1
| #define HAVE_SYS_STAT_H 1
| #define HAVE_SYS_TYPES_H 1
| #define HAVE_UNISTD_H 1
| #define STDC_HEADERS 1
| #define HAVE_DLFCN_H 1
| #define LT_OBJDIR ".libs/"
| #define HAVE_READLINE 1
| #define HAVE_STDINT_H 1
| #define HAVE_STDLIB_H 1
| #define HAVE_STRING_H 1
| #define HAVE_SYS_TIME_H 1
| /* end confdefs.h.  */
| #include <stddef.h>
| #ifdef HAVE_STDIO_H
| # include <stdio.h>
| #endif
| #ifdef HAVE_STDLIB_H
| # include <stdlib.h>
| #endif
| #ifdef HAVE_STRING_H
| # include <string.h>
| #endif
| #ifdef HAVE_INTTYPES_H
| # include <inttypes.h>
| #endif
| #ifdef HAVE_STDINT_H
| # include <stdint.h>
| #endif
| #ifdef HAVE_STRINGS_H
| # include <strings.h>
| #endif
| #ifdef HAVE_SYS_TYPES_H
| # include <sys/types.h>
| #endif
| #ifdef HAVE_SYS_STAT_H
| # include <sys/stat.h>
| #endif
| #ifdef HAVE_UNISTD_H
| # include <unistd.h>
| #endif
| int
| main (void)
| {
| if (sizeof ((size_t)))
| 	    return 0;
|   ;
|   return 0;
| }
configure:17872: result: yes
configure:17882: checking for ssize_t
configure:17882: gcc -c -g -O2  conftest.c >&5
configure:17882: $? = 0
configure:17882: gcc -c -g -O2  conftest.c >&5
conftest.c: In function 'main':
conftest.c:59:22: error: expected expression before ')' token
   59 | if (sizeof ((ssize_t)))
      |                      ^
configure:17882: $? = 1
configure: failed program was:
| /* confdefs.h */
| #define PACKAGE_NAME "libimobiledevice"
| #define PACKAGE_TARNAME "libimobiledevice"
| #define PACKAGE_VERSION "1.3.0-261-g1b09adc"
| #define PACKAGE_STRING "libimobiledevice 1.3.0-261-g1b09adc"
| #define PACKAGE_BUGREPORT "https://github.com/libimobiledevice/libimobiledevice/issues"
| #define PACKAGE_URL "https://libimobiledevice.org"
| #define PACKAGE "libimobiledevice"
| #define VERSION "1.3.0-261-g1b09adc"
| #define HAVE_STDIO_H 1
| #define HAVE_STDLIB_H 1
| #define HAVE_STRING_H 1
| #define HAVE_INTTYPES_H 1
| #define HAVE_STDINT_H 1
| #define HAVE_STRINGS_H 1
| #define HAVE_SYS_STAT_H 1
| #define HAVE_SYS_TYPES_H 1
| #define HAVE_UNISTD_H 1
| #define STDC_HEADERS 1
| #define HAVE_DLFCN_H 1
| #define LT_OBJDIR ".libs/"
| #define HAVE_READLINE 1
| #define HAVE_STDINT_H 1
| #define HAVE_STDLIB_H 1
| #define HAVE_STRING_H 1
| #define HAVE_SYS_TIME_H 1
| /* end confdefs.h.  */
| #include <stddef.h>
| #ifdef HAVE_STDIO_H
| # include <stdio.h>
| #endif
| #ifdef HAVE_STDLIB_H
| # include <stdlib.h>
| #endif
| #ifdef HAVE_STRING_H
| # include <string.h>
| #endif
| #ifdef HAVE_INTTYPES_H
| # include <inttypes.h>
| #endif
| #ifdef HAVE_STDINT_H
| # include <stdint.h>
| #endif
| #ifdef HAVE_STRINGS_H
| # include <strings.h>
| #endif
| #ifdef HAVE_SYS_TYPES_H
| # include <sys/types.h>
| #endif
| #ifdef HAVE_SYS_STAT_H
| # include <sys/stat.h>
| #endif
| #ifdef HAVE_UNISTD_H
| # include <unistd.h>
| #endif
| int
| main (void)
| {
| if (sizeof ((ssize_t)))
| 	    return 0;
|   ;
|   return 0;
| }
configure:17882: result: yes
configure:17892: checking for uint16_t
configure:17892: gcc -c -g -O2  conftest.c >&5
configure:17892: $? = 0
configure:17892: result: yes
configure:17902: checking for uint32_t
configure:17902: gcc -c -g -O2  conftest.c >&5
configure:17902: $? = 0
configure:17902: result: yes
configure:17914: checking for uint8_t
configure:17914: gcc -c -g -O2  conftest.c >&5
configure:17914: $? = 0
configure:17914: result: yes
configure:17928: checking for asprintf
configure:17928: gcc -o conftest -g -O2   conftest.c  >&5
configure:17928: $? = 0
configure:17928: result: yes
configure:17934: checking for strcasecmp
configure:17934: gcc -o conftest -g -O2   conftest.c  >&5
conftest.c:45:6: warning: conflicting types for built-in function 'strcasecmp'; expected 'int(const char *, const char *)' [-Wbuiltin-declaration-mismatch]
   45 | char strcasecmp ();
      |      ^~~~~~~~~~
configure:17934: $? = 0
configure:17934: result: yes
configure:17940: checking for strdup
configure:17940: gcc -o conftest -g -O2   conftest.c  >&5
conftest.c:46:6: warning: conflicting types for built-in function 'strdup'; expected 'char *(const char *)' [-Wbuiltin-declaration-mismatch]
   46 | char strdup ();
      |      ^~~~~~
configure:17940: $? = 0
configure:17940: result: yes
configure:17946: checking for strerror
configure:17946: gcc -o conftest -g -O2   conftest.c  >&5
configure:17946: $? = 0
configure:17946: result: yes
configure:17952: checking for strndup
configure:17952: gcc -o conftest -g -O2   conftest.c  >&5
conftest.c:48:6: warning: conflicting types for built-in function 'strndup'; expected 'char *(const char *, long unsigned int)' [-Wbuiltin-declaration-mismatch]
   48 | char strndup ();
      |      ^~~~~~~
configure:17952: $? = 0
configure:17952: result: yes
configure:17958: checking for stpcpy
configure:17958: gcc -o conftest -g -O2   conftest.c  >&5
conftest.c:49:6: warning: conflicting types for built-in function 'stpcpy'; expected 'char *(char *, const char *)' [-Wbuiltin-declaration-mismatch]
   49 | char stpcpy ();
      |      ^~~~~~
configure:17958: $? = 0
configure:17958: result: yes
configure:17964: checking for vasprintf
configure:17964: gcc -o conftest -g -O2   conftest.c  >&5
configure:17964: $? = 0
configure:17964: result: yes
configure:17970: checking for getifaddrs
configure:17970: gcc -o conftest -g -O2   conftest.c  >&5
configure:17970: $? = 0
configure:17970: result: yes
configure:17978: checking for endian.h
configure:17978: gcc -c -g -O2  conftest.c >&5
configure:17978: $? = 0
configure:17978: result: yes
configure:18236: checking for gcc options needed to detect all undeclared functions
configure:18258: gcc -c -g -O2   conftest.c >&5
conftest.c: In function 'main':
conftest.c:40:8: error: 'strchr' undeclared (first use in this function)
   40 | (void) strchr;
      |        ^~~~~~
conftest.c:1:1: note: 'strchr' is defined in header '<string.h>'; did you forget to '#include <string.h>'?
    1 | /* confdefs.h */
conftest.c:40:8: note: each undeclared identifier is reported only once for each function it appears in
   40 | (void) strchr;
      |        ^~~~~~
configure:18258: $? = 1
configure: failed program was:
| /* confdefs.h */
| #define PACKAGE_NAME "libimobiledevice"
| #define PACKAGE_TARNAME "libimobiledevice"
| #define PACKAGE_VERSION "1.3.0-261-g1b09adc"
| #define PACKAGE_STRING "libimobiledevice 1.3.0-261-g1b09adc"
| #define PACKAGE_BUGREPORT "https://github.com/libimobiledevice/libimobiledevice/issues"
| #define PACKAGE_URL "https://libimobiledevice.org"
| #define PACKAGE "libimobiledevice"
| #define VERSION "1.3.0-261-g1b09adc"
| #define HAVE_STDIO_H 1
| #define HAVE_STDLIB_H 1
| #define HAVE_STRING_H 1
| #define HAVE_INTTYPES_H 1
| #define HAVE_STDINT_H 1
| #define HAVE_STRINGS_H 1
| #define HAVE_SYS_STAT_H 1
| #define HAVE_SYS_TYPES_H 1
| #define HAVE_UNISTD_H 1
| #define STDC_HEADERS 1
| #define HAVE_DLFCN_H 1
| #define LT_OBJDIR ".libs/"
| #define HAVE_READLINE 1
| #define HAVE_STDINT_H 1
| #define HAVE_STDLIB_H 1
| #define HAVE_STRING_H 1
| #define HAVE_SYS_TIME_H 1
| #define HAVE_ASPRINTF 1
| #define HAVE_STRCASECMP 1
| #define HAVE_STRDUP 1
| #define HAVE_STRERROR 1
| #define HAVE_STRNDUP 1
| #define HAVE_STPCPY 1
| #define HAVE_VASPRINTF 1
| #define HAVE_GETIFADDRS 1
| /* end confdefs.h.  */
| 
| int
| main (void)
| {
| (void) strchr;
|   ;
|   return 0;
| }
configure:18285: gcc -c -g -O2   conftest.c >&5
configure:18285: $? = 0
configure:18302: result: none needed
configure:18316: checking whether plist_from_json is declared
configure:18316: gcc -c -g -O2   conftest.c >&5
configure:18316: $? = 0
configure:18316: result: yes
configure:18326: checking for platform-specific build settings
configure:18344: result: linux-gnu
configure:18351: checking how to run the C preprocessor
configure:18377: gcc -E  conftest.c
configure:18377: $? = 0
configure:18392: gcc -E  conftest.c
conftest.c:37:10: fatal error: ac_nonexistent.h: No such file or directory
   37 | #include <ac_nonexistent.h>
      |          ^~~~~~~~~~~~~~~~~~
compilation terminated.
configure:18392: $? = 1
configure: failed program was:
| /* confdefs.h */
| #define PACKAGE_NAME "libimobiledevice"
| #define PACKAGE_TARNAME "libimobiledevice"
| #define PACKAGE_VERSION "1.3.0-261-g1b09adc"
| #define PACKAGE_STRING "libimobiledevice 1.3.0-261-g1b09adc"
| #define PACKAGE_BUGREPORT "https://github.com/libimobiledevice/libimobiledevice/issues"
| #define PACKAGE_URL "https://libimobiledevice.org"
| #define PACKAGE "libimobiledevice"
| #define VERSION "1.3.0-261-g1b09adc"
| #define HAVE_STDIO_H 1
| #define HAVE_STDLIB_H 1
| #define HAVE_STRING_H 1
| #define HAVE_INTTYPES_H 1
| #define HAVE_STDINT_H 1
| #define HAVE_STRINGS_H 1
| #define HAVE_SYS_STAT_H 1
| #define HAVE_SYS_TYPES_H 1
| #define HAVE_UNISTD_H 1
| #define STDC_HEADERS 1
| #define HAVE_DLFCN_H 1
| #define LT_OBJDIR ".libs/"
| #define HAVE_READLINE 1
| #define HAVE_STDINT_H 1
| #define HAVE_STDLIB_H 1
| #define HAVE_STRING_H 1
| #define HAVE_SYS_TIME_H 1
| #define HAVE_ASPRINTF 1
| #define HAVE_STRCASECMP 1
| #define HAVE_STRDUP 1
| #define HAVE_STRERROR 1
| #define HAVE_STRNDUP 1
| #define HAVE_STPCPY 1
| #define HAVE_VASPRINTF 1
| #define HAVE_GETIFADDRS 1
| #define HAVE_PLIST_JSON 1
| /* end confdefs.h.  */
| #include <ac_nonexistent.h>
configure:18419: result: gcc -E
configure:18433: gcc -E  conftest.c
configure:18433: $? = 0
configure:18448: gcc -E  conftest.c
conftest.c:37:10: fatal error: ac_nonexistent.h: No such file or directory
   37 | #include <ac_nonexistent.h>
      |          ^~~~~~~~~~~~~~~~~~
compilation terminated.
configure:18448: $? = 1
configure: failed program was:
| /* confdefs.h */
| #define PACKAGE_NAME "libimobiledevice"
| #define PACKAGE_TARNAME "libimobiledevice"
| #define PACKAGE_VERSION "1.3.0-261-g1b09adc"
| #define PACKAGE_STRING "libimobiledevice 1.3.0-261-g1b09adc"
| #define PACKAGE_BUGREPORT "https://github.com/libimobiledevice/libimobiledevice/issues"
| #define PACKAGE_URL "https://libimobiledevice.org"
| #define PACKAGE "libimobiledevice"
| #define VERSION "1.3.0-261-g1b09adc"
| #define HAVE_STDIO_H 1
| #define HAVE_STDLIB_H 1
| #define HAVE_STRING_H 1
| #define HAVE_INTTYPES_H 1
| #define HAVE_STDINT_H 1
| #define HAVE_STRINGS_H 1
| #define HAVE_SYS_STAT_H 1
| #define HAVE_SYS_TYPES_H 1
| #define HAVE_UNISTD_H 1
| #define STDC_HEADERS 1
| #define HAVE_DLFCN_H 1
| #define LT_OBJDIR ".libs/"
| #define HAVE_READLINE 1
| #define HAVE_STDINT_H 1
| #define HAVE_STDLIB_H 1
| #define HAVE_STRING_H 1
| #define HAVE_SYS_TIME_H 1
| #define HAVE_ASPRINTF 1
| #define HAVE_STRCASECMP 1
| #define HAVE_STRDUP 1
| #define HAVE_STRERROR 1
| #define HAVE_STRNDUP 1
| #define HAVE_STPCPY 1
| #define HAVE_VASPRINTF 1
| #define HAVE_GETIFADDRS 1
| #define HAVE_PLIST_JSON 1
| /* end confdefs.h.  */
| #include <ac_nonexistent.h>
configure:18639: checking whether gcc is Clang
configure:18666: result: no
configure:18731: checking whether pthreads work with "-pthread" and "-lpthread"
configure:18842: gcc -o conftest -g -O2 -pthread   conftest.c -lpthread  >&5
configure:18842: $? = 0
configure:18852: result: yes
configure:18975: checking for joinable pthread attribute
configure:18994: gcc -o conftest -g -O2 -pthread   conftest.c -lpthread  >&5
configure:18994: $? = 0
configure:19003: result: PTHREAD_CREATE_JOINABLE
configure:19016: checking whether more special flags are required for pthreads
configure:19030: result: no
configure:19039: checking for PTHREAD_PRIO_INHERIT
configure:19057: gcc -o conftest -g -O2 -pthread   conftest.c -lpthread  >&5
configure:19057: $? = 0
configure:19067: result: yes
configure:19242: checking for pthread_once in -lpthread
configure:19265: gcc -o conftest -g -O2   conftest.c -lpthread   >&5
configure:19265: $? = 0
configure:19275: result: yes
configure:19306: checking for struct dirent.d_type
configure:19306: gcc -c -g -O2  conftest.c >&5
configure:19306: $? = 0
configure:19306: result: yes
configure:19332: checking for cython
configure:19355: found /home/osboxes/.local/bin/cython
configure:19367: result: /home/osboxes/.local/bin/cython
configure:19383: checking for Cython version
configure:19386: result: 3.0.11
configure:19433: Cython executable is '/home/osboxes/.local/bin/cython'
configure:19465: checking for python
configure:19488: found /usr/bin/python
configure:19500: result: /usr/bin/python
configure:19522: checking for a version of Python >= '2.1.0'
configure:19562: result: yes
configure:19630: checking for the sysconfig Python package
configure:19634: result: yes
configure:19668: checking for Python include path
configure:19693: result: -I/usr/include/python3.10
configure:19700: checking for Python library path
configure:19787: result: -L/usr/lib/x86_64-linux-gnu -lpython3.10
configure:19794: checking for Python site-packages path
configure:19818: result: /usr/local/lib/python3.10/site-packages
configure:19825: checking for Python platform specific site-packages path
configure:19849: result: /usr/local/lib/python3.10/site-packages
configure:19856: checking python extra libraries
configure:19863: result: -lcrypt -ldl  -lm -lm
configure:19870: checking python extra linking flags
configure:19879: result: -Xlinker -export-dynamic -Wl,-O1 -Wl,-Bsymbolic-functions
configure:19886: checking consistency of all components of python development environment
configure:19914: gcc -o conftest -g -O2  -I/usr/include/python3.10  -Xlinker -export-dynamic -Wl,-O1 -Wl,-Bsymbolic-functions conftest.c -lpthread  -L/usr/lib/x86_64-linux-gnu -lpython3.10 -lcrypt -ldl  -lm -lm >&5
configure:19914: $? = 0
configure:19933: result: yes
configure:19979: checking whether /usr/bin/python version is >= 3.0
configure:19990: /usr/bin/python -c import sys # split strings by '.' and convert to numeric. Append some zeros # because we need at least 4 digits for the hex conversion. # map returns an iterator in Python 3.0 and a list in 2.x minver = list(map(int, '3.0'.split('.'))) + [0, 0, 0] minverhex = 0 # xrange is not present in Python 3.0 and range returns an iterator for i in list(range(0, 4)): minverhex = (minverhex << 8) + minver[i] sys.exit(sys.hexversion < minverhex)
configure:19993: $? = 0
configure:19996: result: yes
configure:20095: checking for /usr/bin/python version
configure:20103: result: 3.10
configure:20108: checking for /usr/bin/python platform
configure:20116: result: linux
configure:20177: checking for GNU default /usr/bin/python prefix
configure:20179: result: ${prefix}
configure:20245: checking for GNU default /usr/bin/python exec_prefix
configure:20247: result: ${exec_prefix}
configure:20278: checking for /usr/bin/python script directory (pythondir)
configure:20320: result: ${PYTHON_PREFIX}/lib/python3.10/site-packages
configure:20328: checking for /usr/bin/python extension module directory (pyexecdir)
configure:20370: result: ${PYTHON_EXEC_PREFIX}/lib/python3.10/site-packages
configure:20389: checking to see if compiler understands -Wno-cast-function-type -Werror
configure:20406: gcc -c -g -O2 -Wno-cast-function-type -Werror  conftest.c >&5
configure:20406: $? = 0
configure:20426: result: yes
configure:20499: checking for pkg-config
configure:20534: result: /usr/bin/pkg-config
configure:20559: checking pkg-config is at least version 0.9.0
configure:20562: result: yes
configure:20570: checking for libplist Cython bindings
configure:20577: result: no
configure:20579: WARNING: Unable to find libplist Cython bindings. You should install your distribution specific libplist Cython bindings package.
configure:20678: checking for openssl >= 0.9.8
configure:20685: $PKG_CONFIG --exists --print-errors "$pkg_req_openssl"
configure:20688: $? = 0
configure:20702: $PKG_CONFIG --exists --print-errors "$pkg_req_openssl"
configure:20705: $? = 0
configure:20743: result: yes
configure:20780: gcc -c   conftest.c >&5
conftest.c: In function 'main':
conftest.c:51:12: error: #error No LibreSSL
   51 |           #error No LibreSSL
      |            ^~~~~
configure:20780: $? = 1
configure: failed program was:
| /* confdefs.h */
| #define PACKAGE_NAME "libimobiledevice"
| #define PACKAGE_TARNAME "libimobiledevice"
| #define PACKAGE_VERSION "1.3.0-261-g1b09adc"
| #define PACKAGE_STRING "libimobiledevice 1.3.0-261-g1b09adc"
| #define PACKAGE_BUGREPORT "https://github.com/libimobiledevice/libimobiledevice/issues"
| #define PACKAGE_URL "https://libimobiledevice.org"
| #define PACKAGE "libimobiledevice"
| #define VERSION "1.3.0-261-g1b09adc"
| #define HAVE_STDIO_H 1
| #define HAVE_STDLIB_H 1
| #define HAVE_STRING_H 1
| #define HAVE_INTTYPES_H 1
| #define HAVE_STDINT_H 1
| #define HAVE_STRINGS_H 1
| #define HAVE_SYS_STAT_H 1
| #define HAVE_SYS_TYPES_H 1
| #define HAVE_UNISTD_H 1
| #define STDC_HEADERS 1
| #define HAVE_DLFCN_H 1
| #define LT_OBJDIR ".libs/"
| #define HAVE_READLINE 1
| #define HAVE_STDINT_H 1
| #define HAVE_STDLIB_H 1
| #define HAVE_STRING_H 1
| #define HAVE_SYS_TIME_H 1
| #define HAVE_ASPRINTF 1
| #define HAVE_STRCASECMP 1
| #define HAVE_STRDUP 1
| #define HAVE_STRERROR 1
| #define HAVE_STRNDUP 1
| #define HAVE_STPCPY 1
| #define HAVE_VASPRINTF 1
| #define HAVE_GETIFADDRS 1
| #define HAVE_PLIST_JSON 1
| #define HAVE_PTHREAD_PRIO_INHERIT 1
| #define HAVE_PTHREAD 1
| #define HAVE_LIBPTHREAD 1
| #define HAVE_DIRENT_D_TYPE 1
| #define HAVE_PYTHON "3.10"
| #define HAVE_OPENSSL 1
| /* end confdefs.h.  */
| 
|           #include <openssl/opensslv.h>
| 
| int
| main (void)
| {
| 
|           #ifndef LIBRESSL_VERSION_NUMBER
|           #error No LibreSSL
|           #endif
| 
|   ;
|   return 0;
| }
configure:21123: checking for supported compiler flags
configure:21140: gcc -c -g -O2 -Wall  conftest.c >&5
configure:21140: $? = 0
configure:21140: gcc -c -g -O2 -Wextra  conftest.c >&5
configure:21140: $? = 0
configure:21140: gcc -c -g -O2 -Wmissing-declarations  conftest.c >&5
configure:21140: $? = 0
configure:21140: gcc -c -g -O2 -Wredundant-decls  conftest.c >&5
configure:21140: $? = 0
configure:21140: gcc -c -g -O2 -Wshadow  conftest.c >&5
configure:21140: $? = 0
configure:21140: gcc -c -g -O2 -Wpointer-arith  conftest.c >&5
configure:21140: $? = 0
configure:21140: gcc -c -g -O2 -Wwrite-strings  conftest.c >&5
configure:21140: $? = 0
configure:21140: gcc -c -g -O2 -Wswitch-default  conftest.c >&5
configure:21140: $? = 0
configure:21140: gcc -c -g -O2 -Wno-unused-parameter  conftest.c >&5
configure:21140: $? = 0
configure:21140: gcc -c -g -O2 -fsigned-char  conftest.c >&5
configure:21140: $? = 0
configure:21140: gcc -c -g -O2 -fvisibility=hidden  conftest.c >&5
configure:21140: $? = 0
configure:21155: result:  -Wall -Wextra -Wmissing-declarations -Wredundant-decls -Wshadow -Wpointer-arith -Wwrite-strings -Wswitch-default -Wno-unused-parameter -fsigned-char -fvisibility=hidden
configure:21179: checking for special C compiler options needed for large files
configure:21227: result: no
configure:21233: checking for _FILE_OFFSET_BITS value needed for large files
configure:21259: gcc -c -g -O2  conftest.c >&5
configure:21259: $? = 0
configure:21293: result: no
configure:21388: checking whether make supports nested variables
configure:21406: result: yes
configure:21521: checking that generated files are newer than configure
configure:21527: result: done
configure:21587: creating ./config.status

## ---------------------- ##
## Running config.status. ##
## ---------------------- ##

This file was extended by libimobiledevice config.status 1.3.0-261-g1b09adc, which was
generated by GNU Autoconf 2.71.  Invocation command line was

  CONFIG_FILES    = 
  CONFIG_HEADERS  = 
  CONFIG_LINKS    = 
  CONFIG_COMMANDS = 
  $ ./config.status 

on osboxes

config.status:1249: creating Makefile
config.status:1249: creating 3rd_party/Makefile
config.status:1249: creating 3rd_party/ed25519/Makefile
config.status:1249: creating 3rd_party/libsrp6a-sha512/Makefile
config.status:1249: creating common/Makefile
config.status:1249: creating src/Makefile
config.status:1249: creating src/libimobiledevice-1.0.pc
config.status:1249: creating include/Makefile
config.status:1249: creating tools/Makefile
config.status:1249: creating cython/Makefile
config.status:1249: creating docs/Makefile
config.status:1249: creating doxygen.cfg
config.status:1249: creating config.h
config.status:1478: executing depfiles commands
config.status:1555: cd common       && sed -e '/# am--include-marker/d' Makefile         | make -f - am--depfiles
config.status:1560: $? = 0
config.status:1555: cd src       && sed -e '/# am--include-marker/d' Makefile         | make -f - am--depfiles
config.status:1560: $? = 0
config.status:1555: cd tools       && sed -e '/# am--include-marker/d' Makefile         | make -f - am--depfiles
config.status:1560: $? = 0
config.status:1555: cd cython       && sed -e '/# am--include-marker/d' Makefile         | make -f - am--depfiles
config.status:1560: $? = 0
config.status:1478: executing libtool commands

## ---------------- ##
## Cache variables. ##
## ---------------- ##

ac_cv_build=x86_64-pc-linux-gnu
ac_cv_c_compiler_gnu=yes
ac_cv_c_const=yes
ac_cv_c_uint16_t=yes
ac_cv_c_uint32_t=yes
ac_cv_c_uint8_t=yes
ac_cv_c_undeclared_builtin_options='none needed'
ac_cv_cxx_compiler_gnu=yes
ac_cv_env_CCC_set=
ac_cv_env_CCC_value=
ac_cv_env_CC_set=
ac_cv_env_CC_value=
ac_cv_env_CFLAGS_set=
ac_cv_env_CFLAGS_value=
ac_cv_env_CPPFLAGS_set=
ac_cv_env_CPPFLAGS_value=
ac_cv_env_CPP_set=
ac_cv_env_CPP_value=
ac_cv_env_CXXCPP_set=
ac_cv_env_CXXCPP_value=
ac_cv_env_CXXFLAGS_set=
ac_cv_env_CXXFLAGS_value=
ac_cv_env_CXX_set=
ac_cv_env_CXX_value=
ac_cv_env_LDFLAGS_set=
ac_cv_env_LDFLAGS_value=
ac_cv_env_LIBS_set=
ac_cv_env_LIBS_value=
ac_cv_env_LT_SYS_LIBRARY_PATH_set=
ac_cv_env_LT_SYS_LIBRARY_PATH_value=
ac_cv_env_PKG_CONFIG_LIBDIR_set=
ac_cv_env_PKG_CONFIG_LIBDIR_value=
ac_cv_env_PKG_CONFIG_PATH_set=
ac_cv_env_PKG_CONFIG_PATH_value=
ac_cv_env_PKG_CONFIG_set=
ac_cv_env_PKG_CONFIG_value=
ac_cv_env_PYTHON_VERSION_set=
ac_cv_env_PYTHON_VERSION_value=
ac_cv_env_PYTHON_set=
ac_cv_env_PYTHON_value=
ac_cv_env_build_alias_set=
ac_cv_env_build_alias_value=
ac_cv_env_host_alias_set=
ac_cv_env_host_alias_value=
ac_cv_env_libgnutls_CFLAGS_set=
ac_cv_env_libgnutls_CFLAGS_value=
ac_cv_env_libgnutls_LIBS_set=
ac_cv_env_libgnutls_LIBS_value=
ac_cv_env_libplist_CFLAGS_set=
ac_cv_env_libplist_CFLAGS_value=
ac_cv_env_libplist_LIBS_set=
ac_cv_env_libplist_LIBS_value=
ac_cv_env_libtasn1_CFLAGS_set=
ac_cv_env_libtasn1_CFLAGS_value=
ac_cv_env_libtasn1_LIBS_set=
ac_cv_env_libtasn1_LIBS_value=
ac_cv_env_libtatsu_CFLAGS_set=
ac_cv_env_libtatsu_CFLAGS_value=
ac_cv_env_libtatsu_LIBS_set=
ac_cv_env_libtatsu_LIBS_value=
ac_cv_env_libusbmuxd_CFLAGS_set=
ac_cv_env_libusbmuxd_CFLAGS_value=
ac_cv_env_libusbmuxd_LIBS_set=
ac_cv_env_libusbmuxd_LIBS_value=
ac_cv_env_limd_glue_CFLAGS_set=
ac_cv_env_limd_glue_CFLAGS_value=
ac_cv_env_limd_glue_LIBS_set=
ac_cv_env_limd_glue_LIBS_value=
ac_cv_env_openssl_CFLAGS_set=
ac_cv_env_openssl_CFLAGS_value=
ac_cv_env_openssl_LIBS_set=
ac_cv_env_openssl_LIBS_value=
ac_cv_env_readline_CFLAGS_set=
ac_cv_env_readline_CFLAGS_value=
ac_cv_env_readline_LIBS_set=
ac_cv_env_readline_LIBS_value=
ac_cv_env_target_alias_set=
ac_cv_env_target_alias_value=
ac_cv_func_asprintf=yes
ac_cv_func_getifaddrs=yes
ac_cv_func_stpcpy=yes
ac_cv_func_strcasecmp=yes
ac_cv_func_strdup=yes
ac_cv_func_strerror=yes
ac_cv_func_strndup=yes
ac_cv_func_vasprintf=yes
ac_cv_have_decl_plist_from_json=yes
ac_cv_have_endian_h=yes
ac_cv_header_dlfcn_h=yes
ac_cv_header_endian_h=yes
ac_cv_header_inttypes_h=yes
ac_cv_header_stdint_h=yes
ac_cv_header_stdio_h=yes
ac_cv_header_stdlib_h=yes
ac_cv_header_string_h=yes
ac_cv_header_strings_h=yes
ac_cv_header_sys_stat_h=yes
ac_cv_header_sys_time_h=yes
ac_cv_header_sys_types_h=yes
ac_cv_header_unistd_h=yes
ac_cv_host=x86_64-pc-linux-gnu
ac_cv_is_libressl=no
ac_cv_lib_pthread_pthread_once=yes
ac_cv_member_struct_dirent_d_type=yes
ac_cv_objext=o
ac_cv_path_CYTHON=/home/osboxes/.local/bin/cython
ac_cv_path_EGREP='/usr/bin/grep -E'
ac_cv_path_FGREP='/usr/bin/grep -F'
ac_cv_path_GREP=/usr/bin/grep
ac_cv_path_PYTHON=/usr/bin/python
ac_cv_path_SED=/usr/bin/sed
ac_cv_path_ac_pt_PKG_CONFIG=/usr/bin/pkg-config
ac_cv_path_install='/usr/bin/install -c'
ac_cv_path_lt_DD=/usr/bin/dd
ac_cv_path_mkdir=/usr/bin/mkdir
ac_cv_prog_AWK=mawk
ac_cv_prog_CPP='gcc -E'
ac_cv_prog_CXXCPP='g++ -E'
ac_cv_prog_ac_ct_AR=ar
ac_cv_prog_ac_ct_CC=gcc
ac_cv_prog_ac_ct_CXX=g++
ac_cv_prog_ac_ct_MANIFEST_TOOL=mt
ac_cv_prog_ac_ct_OBJDUMP=objdump
ac_cv_prog_ac_ct_RANLIB=ranlib
ac_cv_prog_ac_ct_STRIP=strip
ac_cv_prog_cc_c11=
ac_cv_prog_cc_g=yes
ac_cv_prog_cc_stdc=
ac_cv_prog_cxx_11=no
ac_cv_prog_cxx_cxx11=
ac_cv_prog_cxx_g=yes
ac_cv_prog_cxx_stdcxx=
ac_cv_prog_make_make_set=yes
ac_cv_sys_file_offset_bits=no
ac_cv_sys_largefile_CC=no
ac_cv_type_size_t=yes
ac_cv_type_ssize_t=yes
am_cv_CC_dependencies_compiler_type=gcc3
am_cv_CXX_dependencies_compiler_type=gcc3
am_cv_make_support_nested_variables=yes
am_cv_prog_cc_c_o=yes
am_cv_python_platform=linux
am_cv_python_pyexecdir='${PYTHON_EXEC_PREFIX}/lib/python3.10/site-packages'
am_cv_python_pythondir='${PYTHON_PREFIX}/lib/python3.10/site-packages'
am_cv_python_version=3.10
ax_cv_PTHREAD_CLANG=no
ax_cv_PTHREAD_JOINABLE_ATTR=PTHREAD_CREATE_JOINABLE
ax_cv_PTHREAD_PRIO_INHERIT=yes
ax_cv_PTHREAD_SPECIAL_FLAGS=no
lt_cv_ar_at_file=@
lt_cv_archive_cmds_need_lc=no
lt_cv_deplibs_check_method=pass_all
lt_cv_file_magic_cmd='$MAGIC_CMD'
lt_cv_file_magic_test_file=
lt_cv_ld_reload_flag=-r
lt_cv_nm_interface='BSD nm'
lt_cv_objdir=.libs
lt_cv_path_LD=/usr/bin/ld
lt_cv_path_LDCXX='/usr/bin/ld -m elf_x86_64'
lt_cv_path_NM='/usr/bin/nm -B'
lt_cv_path_mainfest_tool=no
lt_cv_prog_compiler_c_o=yes
lt_cv_prog_compiler_c_o_CXX=yes
lt_cv_prog_compiler_pic='-fPIC -DPIC'
lt_cv_prog_compiler_pic_CXX='-fPIC -DPIC'
lt_cv_prog_compiler_pic_works=yes
lt_cv_prog_compiler_pic_works_CXX=yes
lt_cv_prog_compiler_rtti_exceptions=no
lt_cv_prog_compiler_static_works=yes
lt_cv_prog_compiler_static_works_CXX=yes
lt_cv_prog_gnu_ld=yes
lt_cv_prog_gnu_ldcxx=yes
lt_cv_sharedlib_from_linklib_cmd='printf %s\n'
lt_cv_shlibpath_overrides_runpath=yes
lt_cv_sys_global_symbol_pipe='sed -n -e '\''s/^.*[	 ]\([ABCDGIRSTW][ABCDGIRSTW]*\)[	 ][	 ]*\([_A-Za-z][_A-Za-z0-9]*\)$/\1 \2 \2/p'\'' | sed '\''/ __gnu_lto/d'\'''
lt_cv_sys_global_symbol_to_c_name_address='sed -n -e '\''s/^: \(.*\) .*$/  {"\1", (void *) 0},/p'\'' -e '\''s/^[ABCDGIRSTW][ABCDGIRSTW]* .* \(.*\)$/  {"\1", (void *) \&\1},/p'\'''
lt_cv_sys_global_symbol_to_c_name_address_lib_prefix='sed -n -e '\''s/^: \(.*\) .*$/  {"\1", (void *) 0},/p'\'' -e '\''s/^[ABCDGIRSTW][ABCDGIRSTW]* .* \(lib.*\)$/  {"\1", (void *) \&\1},/p'\'' -e '\''s/^[ABCDGIRSTW][ABCDGIRSTW]* .* \(.*\)$/  {"lib\1", (void *) \&\1},/p'\'''
lt_cv_sys_global_symbol_to_cdecl='sed -n -e '\''s/^T .* \(.*\)$/extern int \1();/p'\'' -e '\''s/^[ABCDGIRSTW][ABCDGIRSTW]* .* \(.*\)$/extern char \1;/p'\'''
lt_cv_sys_global_symbol_to_import=
lt_cv_sys_max_cmd_len=1572864
lt_cv_to_host_file_cmd=func_convert_file_noop
lt_cv_to_tool_file_cmd=func_convert_file_noop
lt_cv_truncate_bin='/usr/bin/dd bs=4096 count=1'
pkg_cv_libplist_CFLAGS=-I/usr/local/include
pkg_cv_libplist_LIBS='-L/usr/local/lib -lplist-2.0'
pkg_cv_libtatsu_CFLAGS=-I/usr/local/include
pkg_cv_libtatsu_LIBS='-L/usr/local/lib -ltatsu -lplist-2.0'
pkg_cv_libusbmuxd_CFLAGS=-I/usr/local/include
pkg_cv_libusbmuxd_LIBS='-L/usr/local/lib -lusbmuxd-2.0'
pkg_cv_limd_glue_CFLAGS=-I/usr/local/include
pkg_cv_limd_glue_LIBS='-L/usr/local/lib -limobiledevice-glue-1.0 -lplist-2.0'
pkg_cv_openssl_CFLAGS=
pkg_cv_openssl_LIBS='-lssl -lcrypto'
pkg_cv_readline_CFLAGS='-D_DEFAULT_SOURCE -D_XOPEN_SOURCE=600'
pkg_cv_readline_LIBS=-lreadline

## ----------------- ##
## Output variables. ##
## ----------------- ##

ACLOCAL='${SHELL} '\''/home/osboxes/libimobiledevice/missing'\'' aclocal-1.16'
AMDEPBACKSLASH='\'
AMDEP_FALSE='#'
AMDEP_TRUE=''
AMTAR='$${TAR-tar}'
AM_BACKSLASH='\'
AM_DEFAULT_V='$(AM_DEFAULT_VERBOSITY)'
AM_DEFAULT_VERBOSITY='0'
AM_V='$(V)'
AR='ar'
AUTOCONF='${SHELL} '\''/home/osboxes/libimobiledevice/missing'\'' autoconf'
AUTOHEADER='${SHELL} '\''/home/osboxes/libimobiledevice/missing'\'' autoheader'
AUTOMAKE='${SHELL} '\''/home/osboxes/libimobiledevice/missing'\'' automake-1.16'
AWK='mawk'
CC='gcc'
CCDEPMODE='depmode=gcc3'
CFLAGS='-g -O2'
CPP='gcc -E'
CPPFLAGS=''
CSCOPE='cscope'
CTAGS='ctags'
CXX='g++'
CXXCPP='g++ -E'
CXXDEPMODE='depmode=gcc3'
CXXFLAGS='-g -O2'
CYGPATH_W='echo'
CYTHON='false'
CYTHON_CFLAGS=' -Wno-cast-function-type'
CYTHON_LIB=''
CYTHON_PLIST_INCLUDE_DIR='/usr/local/include/plist/cython'
CYTHON_PYTHON_CPPFLAGS='-I/usr/include/python3.10'
CYTHON_PYTHON_OPT='-python'
CYTHON_SUB=''
DARWIN_FALSE=''
DARWIN_TRUE='#'
DEFS='-DHAVE_CONFIG_H'
DEPDIR='.deps'
DLLTOOL='false'
DSYMUTIL=''
DUMPBIN=''
ECHO_C=''
ECHO_N='-n'
ECHO_T=''
EGREP='/usr/bin/grep -E'
ETAGS='etags'
EXEEXT=''
FGREP='/usr/bin/grep -F'
GLOBAL_CFLAGS='  -Wall -Wextra -Wmissing-declarations -Wredundant-decls -Wshadow -Wpointer-arith -Wwrite-strings -Wswitch-default -Wno-unused-parameter -fsigned-char -fvisibility=hidden'
GREP='/usr/bin/grep'
HAVE_CYTHON_FALSE=''
HAVE_CYTHON_TRUE='#'
HAVE_GCRYPT_FALSE=''
HAVE_GCRYPT_TRUE='#'
HAVE_MBEDTLS_FALSE=''
HAVE_MBEDTLS_TRUE='#'
HAVE_OPENSSL_FALSE='#'
HAVE_OPENSSL_TRUE=''
HAVE_READLINE_FALSE='#'
HAVE_READLINE_TRUE=''
HAVE_WIRELESS_PAIRING_FALSE='#'
HAVE_WIRELESS_PAIRING_TRUE=''
INSTALL_DATA='${INSTALL} -m 644'
INSTALL_PROGRAM='${INSTALL}'
INSTALL_SCRIPT='${INSTALL}'
INSTALL_STRIP_PROGRAM='$(install_sh) -c -s'
LD='/usr/bin/ld -m elf_x86_64'
LDFLAGS=''
LIBIMOBILEDEVICE_SO_VERSION='6:0:0'
LIBOBJS=''
LIBPLIST_VERSION='2.3.0'
LIBS='-lpthread '
LIBTOOL='$(SHELL) $(top_builddir)/libtool'
LIBUSBMUXD_VERSION='2.0.2'
LIMD_GLUE_VERSION='1.3.0'
LIPO=''
LN_S='ln -s'
LTLIBOBJS=''
LT_SYS_LIBRARY_PATH=''
MAKEINFO='${SHELL} '\''/home/osboxes/libimobiledevice/missing'\'' makeinfo'
MANIFEST_TOOL=':'
MKDIR_P='/usr/bin/mkdir -p'
NM='/usr/bin/nm -B'
NMEDIT=''
OBJDUMP='objdump'
OBJEXT='o'
OTOOL64=''
OTOOL=''
PACKAGE='libimobiledevice'
PACKAGE_BUGREPORT='https://github.com/libimobiledevice/libimobiledevice/issues'
PACKAGE_NAME='libimobiledevice'
PACKAGE_STRING='libimobiledevice 1.3.0-261-g1b09adc'
PACKAGE_TARNAME='libimobiledevice'
PACKAGE_URL='https://libimobiledevice.org'
PACKAGE_VERSION='1.3.0-261-g1b09adc'
PATH_SEPARATOR=':'
PKG_CONFIG='/usr/bin/pkg-config'
PKG_CONFIG_LIBDIR=''
PKG_CONFIG_PATH=''
PTHREAD_CC='gcc'
PTHREAD_CFLAGS='-pthread'
PTHREAD_CXX='g++'
PTHREAD_LIBS='-lpthread'
PYTHON='/usr/bin/python'
PYTHON_CPPFLAGS='-I/usr/include/python3.10'
PYTHON_EXEC_PREFIX='${exec_prefix}'
PYTHON_EXTRA_LDFLAGS='-Xlinker -export-dynamic -Wl,-O1 -Wl,-Bsymbolic-functions'
PYTHON_EXTRA_LIBS='-lcrypt -ldl  -lm -lm'
PYTHON_LIBS='-L/usr/lib/x86_64-linux-gnu -lpython3.10'
PYTHON_PLATFORM='linux'
PYTHON_PLATFORM_SITE_PKG='/usr/local/lib/python3.10/site-packages'
PYTHON_PREFIX='${prefix}'
PYTHON_SITE_PKG='/usr/local/lib/python3.10/site-packages'
PYTHON_VERSION='3.10'
RANLIB='ranlib'
SED='/usr/bin/sed'
SET_MAKE=''
SHELL='/bin/bash'
STRIP='strip'
VERSION='1.3.0-261-g1b09adc'
WIN32_FALSE=''
WIN32_TRUE='#'
ac_ct_AR='ar'
ac_ct_CC='gcc'
ac_ct_CXX='g++'
ac_ct_DUMPBIN=''
am__EXEEXT_FALSE=''
am__EXEEXT_TRUE='#'
am__fastdepCC_FALSE='#'
am__fastdepCC_TRUE=''
am__fastdepCXX_FALSE='#'
am__fastdepCXX_TRUE=''
am__include='include'
am__isrc=''
am__leading_dot='.'
am__nodep='_no'
am__quote=''
am__tar='$${TAR-tar} chof - "$$tardir"'
am__untar='$${TAR-tar} xf -'
ax_pthread_config=''
bindir='${exec_prefix}/bin'
build='x86_64-pc-linux-gnu'
build_alias=''
build_cpu='x86_64'
build_os='linux-gnu'
build_vendor='pc'
datadir='${datarootdir}'
datarootdir='${prefix}/share'
docdir='${datarootdir}/doc/${PACKAGE_TARNAME}'
dvidir='${docdir}'
exec_prefix='${prefix}'
host='x86_64-pc-linux-gnu'
host_alias=''
host_cpu='x86_64'
host_os='linux-gnu'
host_vendor='pc'
htmldir='${docdir}'
includedir='${prefix}/include'
infodir='${datarootdir}/info'
install_sh='${SHELL} /home/osboxes/libimobiledevice/install-sh'
libdir='${exec_prefix}/lib'
libexecdir='${exec_prefix}/libexec'
libgcrypt_LIBS=''
libgnutls_CFLAGS=''
libgnutls_LIBS=''
libplist_CFLAGS='-I/usr/local/include'
libplist_LIBS='-L/usr/local/lib -lplist-2.0'
libtasn1_CFLAGS=''
libtasn1_LIBS=''
libtatsu_CFLAGS='-I/usr/local/include'
libtatsu_LIBS='-L/usr/local/lib -ltatsu -lplist-2.0'
libusbmuxd_CFLAGS='-I/usr/local/include'
libusbmuxd_LIBS='-L/usr/local/lib -lusbmuxd-2.0'
limd_glue_CFLAGS='-I/usr/local/include'
limd_glue_LIBS='-L/usr/local/lib -limobiledevice-glue-1.0 -lplist-2.0'
localedir='${datarootdir}/locale'
localstatedir='${prefix}/var'
mandir='${datarootdir}/man'
mkdir_p='$(MKDIR_P)'
oldincludedir='/usr/include'
openssl_CFLAGS=''
openssl_LIBS='-lssl -lcrypto'
pdfdir='${docdir}'
pkgpyexecdir='${pyexecdir}/libimobiledevice'
pkgpythondir='${pythondir}/libimobiledevice'
prefix='/usr/local'
program_transform_name='s,x,x,'
psdir='${docdir}'
pyexecdir='${PYTHON_EXEC_PREFIX}/lib/python3.10/site-packages'
pythondir='${PYTHON_PREFIX}/lib/python3.10/site-packages'
readline_CFLAGS='-D_DEFAULT_SOURCE -D_XOPEN_SOURCE=600'
readline_LIBS='-lreadline'
runstatedir='${localstatedir}/run'
sbindir='${exec_prefix}/sbin'
sharedstatedir='${prefix}/com'
ssl_lib_CFLAGS=''
ssl_lib_LIBS='-lssl -lcrypto'
ssl_requires='openssl >= 0.9.8'
sysconfdir='${prefix}/etc'
target_alias=''

## ----------- ##
## confdefs.h. ##
## ----------- ##

/* confdefs.h */
#define PACKAGE_NAME "libimobiledevice"
#define PACKAGE_TARNAME "libimobiledevice"
#define PACKAGE_VERSION "1.3.0-261-g1b09adc"
#define PACKAGE_STRING "libimobiledevice 1.3.0-261-g1b09adc"
#define PACKAGE_BUGREPORT "https://github.com/libimobiledevice/libimobiledevice/issues"
#define PACKAGE_URL "https://libimobiledevice.org"
#define PACKAGE "libimobiledevice"
#define VERSION "1.3.0-261-g1b09adc"
#define HAVE_STDIO_H 1
#define HAVE_STDLIB_H 1
#define HAVE_STRING_H 1
#define HAVE_INTTYPES_H 1
#define HAVE_STDINT_H 1
#define HAVE_STRINGS_H 1
#define HAVE_SYS_STAT_H 1
#define HAVE_SYS_TYPES_H 1
#define HAVE_UNISTD_H 1
#define STDC_HEADERS 1
#define HAVE_DLFCN_H 1
#define LT_OBJDIR ".libs/"
#define HAVE_READLINE 1
#define HAVE_STDINT_H 1
#define HAVE_STDLIB_H 1
#define HAVE_STRING_H 1
#define HAVE_SYS_TIME_H 1
#define HAVE_ASPRINTF 1
#define HAVE_STRCASECMP 1
#define HAVE_STRDUP 1
#define HAVE_STRERROR 1
#define HAVE_STRNDUP 1
#define HAVE_STPCPY 1
#define HAVE_VASPRINTF 1
#define HAVE_GETIFADDRS 1
#define HAVE_PLIST_JSON 1
#define HAVE_PTHREAD_PRIO_INHERIT 1
#define HAVE_PTHREAD 1
#define HAVE_LIBPTHREAD 1
#define HAVE_DIRENT_D_TYPE 1
#define HAVE_PYTHON "3.10"
#define HAVE_OPENSSL 1
#define HAVE_WIRELESS_PAIRING 1
#define STRIP_DEBUG_CODE 1

configure: exit 0
